#
# There is insufficient memory for the Java Runtime Environment to continue.
# Native memory allocation (mmap) failed to map 264241152 bytes for G1 virtual space
# Possible reasons:
#   The system is out of physical RAM or swap space
#   The process is running with CompressedOops enabled, and the Java Heap may be blocking the growth of the native heap
# Possible solutions:
#   Reduce memory load on the system
#   Increase physical memory or swap space
#   Check if swap backing store is full
#   Decrease Java heap size (-Xmx/-Xms)
#   Decrease number of Java threads
#   Decrease Java thread stack sizes (-Xss)
#   Set larger code cache with -XX:ReservedCodeCacheSize=
#   JVM is running with Zero Based Compressed Oops mode in which the Java heap is
#     placed in the first 32GB address space. The Java Heap base address is the
#     maximum limit for the native heap growth. Please use -XX:HeapBaseMinAddress
#     to set the Java Heap base and to place the Java Heap above 32GB virtual address.
# This output file may be truncated or incomplete.
#
#  Out of Memory Error (os_windows.cpp:3528), pid=5212, tid=26940
#
# JRE version:  (20.0.2+9) (build )
# Java VM: Java HotSpot(TM) 64-Bit Server VM (20.0.2+9-78, mixed mode, sharing, tiered, compressed oops, compressed class ptrs, g1 gc, windows-amd64)
# No core dump will be written. Minidumps are not enabled by default on client versions of Windows
#

---------------  S U M M A R Y ------------

Command Line: -Dclassworlds.conf=C:\apache-maven\apache-maven-3.9.15\bin\m2.conf -Dmaven.home=C:\apache-maven\apache-maven-3.9.15 -Dlibrary.jansi.path=C:\apache-maven\apache-maven-3.9.15\lib\jansi-native -Dmaven.multiModuleProjectDirectory=C:\Users\ASUS\OneDrive\Desktop\EDU MANAGE 2026\edumanage-backend org.codehaus.plexus.classworlds.launcher.Launcher clean compile

Host: 11th Gen Intel(R) Core(TM) i5-1135G7 @ 2.40GHz, 8 cores, 15G,  Windows 11 , 64 bit Build 26100 (10.0.26100.8246)
Time: Sun Apr 26 09:23:35 2026 Sri Lanka Standard Time elapsed time: 0.013041 seconds (0d 0h 0m 0s)

---------------  T H R E A D  ---------------

Current thread (0x00000251183ddcd0):  JavaThread "Unknown thread" [_thread_in_vm, id=26940, stack(0x000000dfbfb00000,0x000000dfbfc00000)]

Stack: [0x000000dfbfb00000,0x000000dfbfc00000]
Native frames: (J=compiled Java code, j=interpreted, Vv=VM code, C=native code)
V  [jvm.dll+0x6bc25a]
V  [jvm.dll+0x84971a]
V  [jvm.dll+0x84b315]
V  [jvm.dll+0x84ba13]
V  [jvm.dll+0x280e4f]
V  [jvm.dll+0x6b8fe9]
V  [jvm.dll+0x6adbca]
V  [jvm.dll+0x35b165]
V  [jvm.dll+0x363386]
V  [jvm.dll+0x3b400e]
V  [jvm.dll+0x3b4295]
V  [jvm.dll+0x32b86a]
V  [jvm.dll+0x32c68b]
V  [jvm.dll+0x8123df]
V  [jvm.dll+0x3c1261]
V  [jvm.dll+0x7fe103]
V  [jvm.dll+0x44ccaf]
V  [jvm.dll+0x44e621]
C  [jli.dll+0x5287]
C  [ucrtbase.dll+0x37b0]
C  [KERNEL32.DLL+0x2e8d7]
C  [ntdll.dll+0x8c3fc]


---------------  P R O C E S S  ---------------

Threads class SMR info:
_java_thread_list=0x00007ff98fd9b118, length=0, elements={
}

Java Threads: ( => current thread )

Other Threads:
  0x000002511844e950 WorkerThread "GC Thread#0" [stack: 0x000000dfbfc00000,0x000000dfbfd00000] [id=21484]
  0x0000025118461740 ConcurrentGCThread "G1 Main Marker" [stack: 0x000000dfbfd00000,0x000000dfbfe00000] [id=18560]
  0x0000025118463b90 WorkerThread "G1 Conc#0" [stack: 0x000000dfbfe00000,0x000000dfbff00000] [id=13976]

[error occurred during error reporting (printing all threads), id 0xc0000005, EXCEPTION_ACCESS_VIOLATION (0xc0000005) at pc=0x00007ff98f57eea7]
VM state: not at safepoint (not fully initialized)

VM Mutex/Monitor currently owned by a thread:  ([mutex/lock_event])
[0x00000251183db7b0] Heap_lock - owner thread: 0x00000251183ddcd0

Heap address: 0x0000000704c00000, size: 4020 MB, Compressed Oops mode: Zero based, Oop shift amount: 3

CDS archive(s) mapped at: [0x0000000000000000-0x0000000000000000-0x0000000000000000), size 0, SharedBaseAddress: 0x0000000800000000, ArchiveRelocationMode: 1.
Narrow klass base: 0x0000000000000000, Narrow klass shift: 0, Narrow klass range: 0x0

GC Precious Log:
 CardTable entry size: 512
 Card Set container configuration: InlinePtr #cards 4 size 8 Array Of Cards #cards 16 size 48 Howl #buckets 8 coarsen threshold 3686 Howl Bitmap #cards 512 size 80 coarsen threshold 460 Card regions per heap region 1 cards per card region 4096

Heap:
 garbage-first heap   total 0K, used 0K [0x0000000704c00000, 0x0000000800000000)
  region size 2048K, 0 young (0K), 0 survivors (0K)

[error occurred during error reporting (printing heap information), id 0xc0000005, EXCEPTION_ACCESS_VIOLATION (0xc0000005) at pc=0x00007ff98f9547b9]
GC Heap History (0 events):
No events

Dll operation events (1 events):
Event: 0.009 Loaded shared library C:\Program Files\Java\jdk-20\bin\java.dll

Deoptimization events (0 events):
No events

Classes loaded (0 events):
No events

Classes unloaded (0 events):
No events

Classes redefined (0 events):
No events

Internal exceptions (0 events):
No events

VM Operations (0 events):
No events

Events (0 events):
No events


Dynamic libraries:
0x00007ff7e2950000 - 0x00007ff7e2960000 	C:\Program Files\Java\jdk-20\bin\java.exe
0x00007ffa2a840000 - 0x00007ffa2aaa7000 	C:\WINDOWS\SYSTEM32\ntdll.dll
0x00007ffa28b40000 - 0x00007ffa28c09000 	C:\WINDOWS\System32\KERNEL32.DLL
0x00007ffa27110000 - 0x00007ffa27504000 	C:\WINDOWS\System32\KERNELBASE.dll
0x00007ffa27840000 - 0x00007ffa2798b000 	C:\WINDOWS\System32\ucrtbase.dll
0x00007ffa0cc30000 - 0x00007ffa0cc4b000 	C:\Program Files\Java\jdk-20\bin\VCRUNTIME140.dll
0x00007ffa16930000 - 0x00007ffa16949000 	C:\Program Files\Java\jdk-20\bin\jli.dll
0x00007ffa29830000 - 0x00007ffa298e6000 	C:\WINDOWS\System32\ADVAPI32.dll
0x00007ffa29e60000 - 0x00007ffa29f09000 	C:\WINDOWS\System32\msvcrt.dll
0x00007ffa29c90000 - 0x00007ffa29d37000 	C:\WINDOWS\System32\sechost.dll
0x00007ffa29d40000 - 0x00007ffa29e58000 	C:\WINDOWS\System32\RPCRT4.dll
0x00007ffa2a630000 - 0x00007ffa2a7f5000 	C:\WINDOWS\System32\USER32.dll
0x00007ffa28200000 - 0x00007ffa28227000 	C:\WINDOWS\System32\win32u.dll
0x00007ffa0d9d0000 - 0x00007ffa0dc63000 	C:\WINDOWS\WinSxS\amd64_microsoft.windows.common-controls_6595b64144ccf1df_6.0.26100.8115_none_3e075c82e3354f9c\COMCTL32.dll
0x00007ffa28c10000 - 0x00007ffa28c3b000 	C:\WINDOWS\System32\GDI32.dll
0x00007ffa27660000 - 0x00007ffa2778b000 	C:\WINDOWS\System32\gdi32full.dll
0x00007ffa28230000 - 0x00007ffa282d3000 	C:\WINDOWS\System32\msvcp_win.dll
0x00007ffa15180000 - 0x00007ffa1518b000 	C:\WINDOWS\SYSTEM32\VERSION.dll
0x00007ffa285d0000 - 0x00007ffa28602000 	C:\WINDOWS\System32\IMM32.DLL
0x00007ffa15e70000 - 0x00007ffa15e7c000 	C:\Program Files\Java\jdk-20\bin\vcruntime140_1.dll
0x00007ff9ecbe0000 - 0x00007ff9ecc6e000 	C:\Program Files\Java\jdk-20\bin\msvcp140.dll
0x00007ff98f240000 - 0x00007ff98fed8000 	C:\Program Files\Java\jdk-20\bin\server\jvm.dll
0x00007ffa12300000 - 0x00007ffa12336000 	C:\WINDOWS\SYSTEM32\WINMM.dll
0x00007ffa046a0000 - 0x00007ffa046aa000 	C:\WINDOWS\SYSTEM32\WSOCK32.dll
0x00007ffa28ab0000 - 0x00007ffa28b30000 	C:\WINDOWS\System32\WS2_32.dll
0x00007ffa25ea0000 - 0x00007ffa25ebb000 	C:\WINDOWS\SYSTEM32\kernel.appcore.dll
0x00007ffa13630000 - 0x00007ffa1363a000 	C:\Program Files\Java\jdk-20\bin\jimage.dll
0x00007ffa25050000 - 0x00007ffa25292000 	C:\WINDOWS\SYSTEM32\DBGHELP.DLL
0x00007ffa2a210000 - 0x00007ffa2a592000 	C:\WINDOWS\System32\combase.dll
0x00007ffa299b0000 - 0x00007ffa29a88000 	C:\WINDOWS\System32\OLEAUT32.dll
0x00007ffa0b650000 - 0x00007ffa0b68b000 	C:\WINDOWS\SYSTEM32\dbgcore.DLL
0x00007ffa27790000 - 0x00007ffa27835000 	C:\WINDOWS\System32\bcryptPrimitives.dll
0x00007ffa046b0000 - 0x00007ffa046d6000 	C:\Program Files\Java\jdk-20\bin\java.dll

dbghelp: loaded successfully - version: 4.0.5 - missing functions: none
symbol engine: initialized successfully - sym options: 0x614 - pdb path: .;C:\Program Files\Java\jdk-20\bin;C:\WINDOWS\SYSTEM32;C:\WINDOWS\WinSxS\amd64_microsoft.windows.common-controls_6595b64144ccf1df_6.0.26100.8115_none_3e075c82e3354f9c;C:\Program Files\Java\jdk-20\bin\server

VM Arguments:
jvm_args: -Dclassworlds.conf=C:\apache-maven\apache-maven-3.9.15\bin\m2.conf -Dmaven.home=C:\apache-maven\apache-maven-3.9.15 -Dlibrary.jansi.path=C:\apache-maven\apache-maven-3.9.15\lib\jansi-native -Dmaven.multiModuleProjectDirectory=C:\Users\ASUS\OneDrive\Desktop\EDU MANAGE 2026\edumanage-backend 
java_command: org.codehaus.plexus.classworlds.launcher.Launcher clean compile
java_class_path (initial): C:\apache-maven\apache-maven-3.9.15\boot\plexus-classworlds-2.9.0.jar
Launcher Type: SUN_STANDARD

[Global flags]
     intx CICompilerCount                          = 4                                         {product} {ergonomic}
     uint ConcGCThreads                            = 2                                         {product} {ergonomic}
     uint G1ConcRefinementThreads                  = 8                                         {product} {ergonomic}
   size_t G1HeapRegionSize                         = 2097152                                   {product} {ergonomic}
    uintx GCDrainStackTargetSize                   = 64                                        {product} {ergonomic}
   size_t InitialHeapSize                          = 264241152                                 {product} {ergonomic}
   size_t MarkStackSize                            = 4194304                                   {product} {ergonomic}
   size_t MaxHeapSize                              = 4215275520                                {product} {ergonomic}
   size_t MinHeapDeltaBytes                        = 2097152                                   {product} {ergonomic}
   size_t MinHeapSize                              = 8388608                                   {product} {ergonomic}
    uintx NonNMethodCodeHeapSize                   = 5839372                                {pd product} {ergonomic}
    uintx NonProfiledCodeHeapSize                  = 122909434                              {pd product} {ergonomic}
    uintx ProfiledCodeHeapSize                     = 122909434                              {pd product} {ergonomic}
    uintx ReservedCodeCacheSize                    = 251658240                              {pd product} {ergonomic}
     bool SegmentedCodeCache                       = true                                      {product} {ergonomic}
   size_t SoftMaxHeapSize                          = 4215275520                             {manageable} {ergonomic}
     bool UseCompressedClassPointers               = true                           {product lp64_product} {ergonomic}
     bool UseCompressedOops                        = true                           {product lp64_product} {ergonomic}
     bool UseG1GC                                  = true                                      {product} {ergonomic}
     bool UseLargePagesIndividualAllocation        = false                                  {pd product} {ergonomic}

Logging:
Log output configuration:
 #0: stdout all=warning uptime,level,tags foldmultilines=false
 #1: stderr all=off uptime,level,tags foldmultilines=false

Environment Variables:
PATH=C:\Python312\Scripts\;C:\Python312\;C:\Program Files\Common Files\Oracle\Java\javapath;C:\WINDOWS\system32;C:\WINDOWS;C:\WINDOWS\System32\Wbem;C:\WINDOWS\System32\WindowsPowerShell\v1.0\;C:\WINDOWS\System32\OpenSSH\;C:\Program Files\dotnet\;C:\Program Files (x86)\Microsoft SQL Server\160\DTS\Binn\;C:\Program Files\Azure Data Studio\bin;C:\Program Files (x86)\Microsoft SQL Server\160\Tools\Binn\;C:\Program Files\Microsoft SQL Server\160\Tools\Binn\;C:\Program Files\Microsoft SQL Server\Client SDK\ODBC\170\Tools\Binn\;C:\Program Files\Microsoft SQL Server\160\DTS\Binn\;C:\Program Files\Git\cmd;C:\Program Files\nodejs\;C:\ProgramData\chocolatey\bin;C:\Program Files\cursor\resources\app\bin;C:\apache-maven\apache-maven-3.9.15\bin;C:\Users\ASUS\AppData\Local\Microsoft\WindowsApps;C:\Users\ASUS\AppData\Local\Programs\Microsoft VS Code\bin;C:\Program Files\Azure Data Studio\bin;C:\Users\ASUS\AppData\Roaming\npm;C:\Users\ASUS\AppData\Local\GitHubDesktop\bin;C:\Users\ASUS\AppData\Local\Programs\mongosh\;D:\cursor\resources\app\bin;C:\Users\ASUS\AppData\Local\Programs\Antigravity\bin;C:\apache-maven\apache-maven-3.9.15\bin;
USERNAME=ASUS
OS=Windows_NT
PROCESSOR_IDENTIFIER=Intel64 Family 6 Model 140 Stepping 1, GenuineIntel
TMP=C:\Users\ASUS\AppData\Local\Temp
TEMP=C:\Users\ASUS\AppData\Local\Temp




---------------  S Y S T E M  ---------------

OS:
 Windows 11 , 64 bit Build 26100 (10.0.26100.8246)
OS uptime: 0 days 21:19 hours
Hyper-V role detected

CPU: total 8 (initial active 8) (4 cores per cpu, 2 threads per core) family 6 model 140 stepping 1 microcode 0xa6, cx8, cmov, fxsr, ht, mmx, 3dnowpref, sse, sse2, sse3, ssse3, sse4.1, sse4.2, popcnt, lzcnt, tsc, tscinvbit, avx, avx2, aes, erms, clmul, bmi1, bmi2, adx, avx512f, avx512dq, avx512cd, avx512bw, avx512vl, sha, fma, vzeroupper, avx512_vpopcntdq, avx512_vpclmulqdq, avx512_vaes, avx512_vnni, clflush, clflushopt, clwb, avx512_vbmi2, avx512_vbmi, hv, rdtscp, rdpid, fsrm, gfni, avx512_bitalg, f16c, cet_ibt, cet_ss, avx512_ifma

Memory: 4k page, system-wide physical 16078M (1442M free)
TotalPageFile size 27110M (AvailPageFile size 250M)
current process WorkingSet (physical memory assigned to process): 12M, peak: 12M
current process commit charge ("private bytes"): 60M, peak: 312M

vm_info: Java HotSpot(TM) 64-Bit Server VM (20.0.2+9-78) for windows-amd64 JRE (20.0.2+9-78), built on 2023-06-14T10:08:48Z by "mach5one" with MS VC++ 17.1 (VS2022)

END.
